


ARM Macro Assembler    Page 1 


    1 00000000         ;******************** (C) Andrew Wolfe *****************
                       **************************
    2 00000000         ; @file    HW8 Problem 1
    3 00000000         ; @author  Andrew Wolfe
    4 00000000         ; @date    Nov 3, 2019
    5 00000000         ;*******************************************************
                       ************************
    6 00000000         
    7 00000000         
    8 00000000                 AREA             main, CODE, READONLY
    9 00000000                 EXPORT           __main
   10 00000000                 ENTRY
   11 00000000         
   12 00000000         __main  PROC
   13 00000000         
   14 00000000 4810            ldr              r0, =array  ; Pointer to array 
                                                            of string pointers
   15 00000002 F04F 010A       ldr              r1, =10     ; Number of items i
                                                            n array
   16 00000006 F7FF FFFE       bl               mysort      ; Call sorting rout
                                                            ine
   17 0000000A E7FE    endless b                endless
   18 0000000C         
   19 0000000C                 ENDP
   20 0000000C         
   21 0000000C         
   22 0000000C         
   23 0000000C         
   24 0000000C         ;r0 = i, r1=j
   25 0000000C         mysort  PROC
   26 0000000C         ;Put your code here
   27 0000000C B500            push             {lr}
   28 0000000E         
   29 0000000E F7FF FFFE 
                       sortloop
                               bl               compare_and_swap
   30 00000012 F100 0004       ADD              r0, #4
   31 00000016 3901            SUBS             r1, #1
   32 00000018 D1F9            BNE              sortloop
   33 0000001A         
   34 0000001A F85D EB04       pop              {lr}
   35 0000001E 4770            bx               lr
   36 00000020                 ENDP
   37 00000020         
   38 00000020         compare_and_swap
                               PROC
   39 00000020         ;Put your code here
   40 00000020 B472            push             {r1,r4,r5,r6}
   41 00000022 4602            MOV              r2, r0
   42 00000024 6815            LDR              r5, [r2]
   43 00000026 6814    loop    LDR              r4, [r2]
   44 00000028 F852 3F04       LDR              r3, [r2,#4]!
   45 0000002C 42AB            CMP              r3, r5
   46 0000002E BFBC 461D       MOVLT            r5, r3
   47 00000032 4616            MOVLT            r6, r2
   48 00000034 3901            SUBS             r1, #1
   49 00000036 D1F6            BNE              loop
   50 00000038         
   51 00000038 4602            MOV              r2, r0



ARM Macro Assembler    Page 2 


   52 0000003A 6813            LDR              r3, [r2]
   53 0000003C         
   54 0000003C 6015            STR              r5, [r2]
   55 0000003E 6033            STR              r3, [r6]
   56 00000040         
   57 00000040 BC72            pop              {r1,r4,r5,r6}
   58 00000042 4770            bx               lr
   59 00000044                 ENDP
   60 00000044         
   61 00000044                 ALIGN
   62 00000044 00000000        AREA             mydata, DATA, READONLY
   63 00000000         
   64 00000000         
   65 00000000 00000009 
              00000002 
              00000005 
              00000001 
              00000008 
              00000006 
              00000007 
              00000000 
              00000003 
              00000004 array   DCD              9,2,5,1,8,6,7,0,3,4
   66 00000028         
   67 00000028         
   68 00000028                 END
Command Line: --debug --xref --diag_suppress=9931 --cpu=Cortex-M4 --apcs=interw
ork --depend=.\objects\main.d -o.\objects\main.o -IC:\Apps\Keil_v5\ARM\RV31\INC
 -IC:\Apps\Keil_v5\ARM\CMSIS\Include --predefine="__UVISION_VERSION SETA 536" -
-list=.\listings\main.lst main.s



ARM Macro Assembler    Page 1 Alphabetic symbol ordering
Relocatable symbols

__main 00000000

Symbol: __main
   Definitions
      At line 12 in file main.s
   Uses
      At line 9 in file main.s
Comment: __main used once
compare_and_swap 00000020

Symbol: compare_and_swap
   Definitions
      At line 38 in file main.s
   Uses
      At line 29 in file main.s
Comment: compare_and_swap used once
endless 0000000A

Symbol: endless
   Definitions
      At line 17 in file main.s
   Uses
      At line 17 in file main.s
Comment: endless used once
loop 00000026

Symbol: loop
   Definitions
      At line 43 in file main.s
   Uses
      At line 49 in file main.s
Comment: loop used once
main 00000000

Symbol: main
   Definitions
      At line 8 in file main.s
   Uses
      None
Comment: main unused
mysort 0000000C

Symbol: mysort
   Definitions
      At line 25 in file main.s
   Uses
      At line 16 in file main.s
Comment: mysort used once
sortloop 0000000E

Symbol: sortloop
   Definitions
      At line 29 in file main.s
   Uses
      At line 32 in file main.s
Comment: sortloop used once
7 symbols



ARM Macro Assembler    Page 1 Alphabetic symbol ordering
Relocatable symbols

array 00000000

Symbol: array
   Definitions
      At line 65 in file main.s
   Uses
      At line 14 in file main.s
Comment: array used once
mydata 00000000

Symbol: mydata
   Definitions
      At line 62 in file main.s
   Uses
      None
Comment: mydata unused
2 symbols
342 symbols in table
