


ARM Macro Assembler    Page 1 


    1 00000000                 AREA             myData, DATA, READWRITE
    2 00000000         
    3 00000000                 ALIGN
    4 00000000                 EXPORT           sintbl
    5 00000000                 EXPORT           sawtbl
    6 00000000         sintbl
    7 00000000 FF 07 0C 
              08 19 08 
              25 08            DCW              0x7ff,0x80c,0x819,0x825
    8 00000008 32 08 3E 
              08 4B 08 
              57 08            DCW              0x832,0x83e,0x84b,0x857
    9 00000010 64 08 70 
              08 7D 08 
              8A 08            DCW              0x864,0x870,0x87d,0x88a
   10 00000018 96 08 A3 
              08 AF 08 
              BC 08            DCW              0x896,0x8a3,0x8af,0x8bc
   11 00000020 C8 08 D5 
              08 E1 08 
              EE 08            DCW              0x8c8,0x8d5,0x8e1,0x8ee
   12 00000028 FA 08 07 
              09 13 09 
              1F 09            DCW              0x8fa,0x907,0x913,0x91f
   13 00000030 2C 09 38 
              09 45 09 
              51 09            DCW              0x92c,0x938,0x945,0x951
   14 00000038 5E 09 6A 
              09 76 09 
              83 09            DCW              0x95e,0x96a,0x976,0x983
   15 00000040 8F 09 9B 
              09 A8 09 
              B4 09            DCW              0x98f,0x99b,0x9a8,0x9b4
   16 00000048 C0 09 CC 
              09 D9 09 
              E5 09            DCW              0x9c0,0x9cc,0x9d9,0x9e5
   17 00000050 F1 09 FD 
              09 09 0A 
              15 0A            DCW              0x9f1,0x9fd,0xa09,0xa15
   18 00000058 22 0A 2E 
              0A 3A 0A 
              46 0A            DCW              0xa22,0xa2e,0xa3a,0xa46
   19 00000060 52 0A 5E 
              0A 6A 0A 
              76 0A            DCW              0xa52,0xa5e,0xa6a,0xa76
   20 00000068 82 0A 8E 
              0A 9A 0A 
              A5 0A            DCW              0xa82,0xa8e,0xa9a,0xaa5
   21 00000070 B1 0A BD 
              0A C9 0A 
              D5 0A            DCW              0xab1,0xabd,0xac9,0xad5
   22 00000078 E0 0A EC 
              0A F8 0A 
              03 0B            DCW              0xae0,0xaec,0xaf8,0xb03
   23 00000080 0F 0B 1B 
              0B 26 0B 
              32 0B            DCW              0xb0f,0xb1b,0xb26,0xb32
   24 00000088 3D 0B 49 
              0B 54 0B 



ARM Macro Assembler    Page 2 


              60 0B            DCW              0xb3d,0xb49,0xb54,0xb60
   25 00000090 6B 0B 76 
              0B 82 0B 
              8D 0B            DCW              0xb6b,0xb76,0xb82,0xb8d
   26 00000098 98 0B A3 
              0B AF 0B 
              BA 0B            DCW              0xb98,0xba3,0xbaf,0xbba
   27 000000A0 C5 0B D0 
              0B DB 0B 
              E6 0B            DCW              0xbc5,0xbd0,0xbdb,0xbe6
   28 000000A8 F1 0B FC 
              0B 07 0C 
              11 0C            DCW              0xbf1,0xbfc,0xc07,0xc11
   29 000000B0 1C 0C 27 
              0C 32 0C 
              3C 0C            DCW              0xc1c,0xc27,0xc32,0xc3c
   30 000000B8 47 0C 52 
              0C 5C 0C 
              67 0C            DCW              0xc47,0xc52,0xc5c,0xc67
   31 000000C0 71 0C 7C 
              0C 86 0C 
              90 0C            DCW              0xc71,0xc7c,0xc86,0xc90
   32 000000C8 9B 0C A5 
              0C AF 0C 
              B9 0C            DCW              0xc9b,0xca5,0xcaf,0xcb9
   33 000000D0 C3 0C CD 
              0C D7 0C 
              E1 0C            DCW              0xcc3,0xccd,0xcd7,0xce1
   34 000000D8 EB 0C F5 
              0C FF 0C 
              09 0D            DCW              0xceb,0xcf5,0xcff,0xd09
   35 000000E0 13 0D 1C 
              0D 26 0D 
              2F 0D            DCW              0xd13,0xd1c,0xd26,0xd2f
   36 000000E8 39 0D 43 
              0D 4C 0D 
              55 0D            DCW              0xd39,0xd43,0xd4c,0xd55
   37 000000F0 5F 0D 68 
              0D 71 0D 
              7A 0D            DCW              0xd5f,0xd68,0xd71,0xd7a
   38 000000F8 84 0D 8D 
              0D 96 0D 
              9F 0D            DCW              0xd84,0xd8d,0xd96,0xd9f
   39 00000100 A7 0D B0 
              0D B9 0D 
              C2 0D            DCW              0xda7,0xdb0,0xdb9,0xdc2
   40 00000108 CB 0D D3 
              0D DC 0D 
              E4 0D            DCW              0xdcb,0xdd3,0xddc,0xde4
   41 00000110 ED 0D F5 
              0D FE 0D 
              06 0E            DCW              0xded,0xdf5,0xdfe,0xe06
   42 00000118 0E 0E 16 
              0E 1E 0E 
              26 0E            DCW              0xe0e,0xe16,0xe1e,0xe26
   43 00000120 2E 0E 36 
              0E 3E 0E 
              46 0E            DCW              0xe2e,0xe36,0xe3e,0xe46
   44 00000128 4E 0E 56 



ARM Macro Assembler    Page 3 


              0E 5D 0E 
              65 0E            DCW              0xe4e,0xe56,0xe5d,0xe65
   45 00000130 6C 0E 74 
              0E 7B 0E 
              82 0E            DCW              0xe6c,0xe74,0xe7b,0xe82
   46 00000138 8A 0E 91 
              0E 98 0E 
              9F 0E            DCW              0xe8a,0xe91,0xe98,0xe9f
   47 00000140 A6 0E AD 
              0E B4 0E 
              BB 0E            DCW              0xea6,0xead,0xeb4,0xebb
   48 00000148 C2 0E C8 
              0E CF 0E 
              D5 0E            DCW              0xec2,0xec8,0xecf,0xed5
   49 00000150 DC 0E E2 
              0E E9 0E 
              EF 0E            DCW              0xedc,0xee2,0xee9,0xeef
   50 00000158 F5 0E FB 
              0E 02 0F 
              08 0F            DCW              0xef5,0xefb,0xf02,0xf08
   51 00000160 0D 0F 13 
              0F 19 0F 
              1F 0F            DCW              0xf0d,0xf13,0xf19,0xf1f
   52 00000168 25 0F 2A 
              0F 30 0F 
              35 0F            DCW              0xf25,0xf2a,0xf30,0xf35
   53 00000170 3B 0F 40 
              0F 45 0F 
              4A 0F            DCW              0xf3b,0xf40,0xf45,0xf4a
   54 00000178 50 0F 55 
              0F 5A 0F 
              5F 0F            DCW              0xf50,0xf55,0xf5a,0xf5f
   55 00000180 63 0F 68 
              0F 6D 0F 
              72 0F            DCW              0xf63,0xf68,0xf6d,0xf72
   56 00000188 76 0F 7B 
              0F 7F 0F 
              83 0F            DCW              0xf76,0xf7b,0xf7f,0xf83
   57 00000190 88 0F 8C 
              0F 90 0F 
              94 0F            DCW              0xf88,0xf8c,0xf90,0xf94
   58 00000198 98 0F 9C 
              0F A0 0F 
              A3 0F            DCW              0xf98,0xf9c,0xfa0,0xfa3
   59 000001A0 A7 0F AB 
              0F AE 0F 
              B2 0F            DCW              0xfa7,0xfab,0xfae,0xfb2
   60 000001A8 B5 0F B8 
              0F BC 0F 
              BF 0F            DCW              0xfb5,0xfb8,0xfbc,0xfbf
   61 000001B0 C2 0F C5 
              0F C8 0F 
              CB 0F            DCW              0xfc2,0xfc5,0xfc8,0xfcb
   62 000001B8 CE 0F D0 
              0F D3 0F 
              D5 0F            DCW              0xfce,0xfd0,0xfd3,0xfd5
   63 000001C0 D8 0F DA 
              0F DD 0F 
              DF 0F            DCW              0xfd8,0xfda,0xfdd,0xfdf



ARM Macro Assembler    Page 4 


   64 000001C8 E1 0F E3 
              0F E5 0F 
              E7 0F            DCW              0xfe1,0xfe3,0xfe5,0xfe7
   65 000001D0 E9 0F EB 
              0F ED 0F 
              EE 0F            DCW              0xfe9,0xfeb,0xfed,0xfee
   66 000001D8 F0 0F F1 
              0F F3 0F 
              F4 0F            DCW              0xff0,0xff1,0xff3,0xff4
   67 000001E0 F5 0F F7 
              0F F8 0F 
              F9 0F            DCW              0xff5,0xff7,0xff8,0xff9
   68 000001E8 FA 0F FB 
              0F FB 0F 
              FC 0F            DCW              0xffa,0xffb,0xffb,0xffc
   69 000001F0 FD 0F FD 
              0F FE 0F 
              FE 0F            DCW              0xffd,0xffd,0xffe,0xffe
   70 000001F8 FF 0F FF 
              0F FF 0F 
              FF 0F            DCW              0xfff,0xfff,0xfff,0xfff
   71 00000200 FF 0F FF 
              0F FF 0F 
              FF 0F            DCW              0xfff,0xfff,0xfff,0xfff
   72 00000208 FF 0F FE 
              0F FE 0F 
              FD 0F            DCW              0xfff,0xffe,0xffe,0xffd
   73 00000210 FD 0F FC 
              0F FB 0F 
              FB 0F            DCW              0xffd,0xffc,0xffb,0xffb
   74 00000218 FA 0F F9 
              0F F8 0F 
              F7 0F            DCW              0xffa,0xff9,0xff8,0xff7
   75 00000220 F5 0F F4 
              0F F3 0F 
              F1 0F            DCW              0xff5,0xff4,0xff3,0xff1
   76 00000228 F0 0F EE 
              0F ED 0F 
              EB 0F            DCW              0xff0,0xfee,0xfed,0xfeb
   77 00000230 E9 0F E7 
              0F E5 0F 
              E3 0F            DCW              0xfe9,0xfe7,0xfe5,0xfe3
   78 00000238 E1 0F DF 
              0F DD 0F 
              DA 0F            DCW              0xfe1,0xfdf,0xfdd,0xfda
   79 00000240 D8 0F D5 
              0F D3 0F 
              D0 0F            DCW              0xfd8,0xfd5,0xfd3,0xfd0
   80 00000248 CE 0F CB 
              0F C8 0F 
              C5 0F            DCW              0xfce,0xfcb,0xfc8,0xfc5
   81 00000250 C2 0F BF 
              0F BC 0F 
              B8 0F            DCW              0xfc2,0xfbf,0xfbc,0xfb8
   82 00000258 B5 0F B2 
              0F AE 0F 
              AB 0F            DCW              0xfb5,0xfb2,0xfae,0xfab
   83 00000260 A7 0F A3 
              0F A0 0F 



ARM Macro Assembler    Page 5 


              9C 0F            DCW              0xfa7,0xfa3,0xfa0,0xf9c
   84 00000268 98 0F 94 
              0F 90 0F 
              8C 0F            DCW              0xf98,0xf94,0xf90,0xf8c
   85 00000270 88 0F 83 
              0F 7F 0F 
              7B 0F            DCW              0xf88,0xf83,0xf7f,0xf7b
   86 00000278 76 0F 72 
              0F 6D 0F 
              68 0F            DCW              0xf76,0xf72,0xf6d,0xf68
   87 00000280 63 0F 5F 
              0F 5A 0F 
              55 0F            DCW              0xf63,0xf5f,0xf5a,0xf55
   88 00000288 50 0F 4A 
              0F 45 0F 
              40 0F            DCW              0xf50,0xf4a,0xf45,0xf40
   89 00000290 3B 0F 35 
              0F 30 0F 
              2A 0F            DCW              0xf3b,0xf35,0xf30,0xf2a
   90 00000298 25 0F 1F 
              0F 19 0F 
              13 0F            DCW              0xf25,0xf1f,0xf19,0xf13
   91 000002A0 0D 0F 08 
              0F 02 0F 
              FB 0E            DCW              0xf0d,0xf08,0xf02,0xefb
   92 000002A8 F5 0E EF 
              0E E9 0E 
              E2 0E            DCW              0xef5,0xeef,0xee9,0xee2
   93 000002B0 DC 0E D5 
              0E CF 0E 
              C8 0E            DCW              0xedc,0xed5,0xecf,0xec8
   94 000002B8 C2 0E BB 
              0E B4 0E 
              AD 0E            DCW              0xec2,0xebb,0xeb4,0xead
   95 000002C0 A6 0E 9F 
              0E 98 0E 
              91 0E            DCW              0xea6,0xe9f,0xe98,0xe91
   96 000002C8 8A 0E 82 
              0E 7B 0E 
              74 0E            DCW              0xe8a,0xe82,0xe7b,0xe74
   97 000002D0 6C 0E 65 
              0E 5D 0E 
              56 0E            DCW              0xe6c,0xe65,0xe5d,0xe56
   98 000002D8 4E 0E 46 
              0E 3E 0E 
              36 0E            DCW              0xe4e,0xe46,0xe3e,0xe36
   99 000002E0 2E 0E 26 
              0E 1E 0E 
              16 0E            DCW              0xe2e,0xe26,0xe1e,0xe16
  100 000002E8 0E 0E 06 
              0E FE 0D 
              F5 0D            DCW              0xe0e,0xe06,0xdfe,0xdf5
  101 000002F0 ED 0D E4 
              0D DC 0D 
              D3 0D            DCW              0xded,0xde4,0xddc,0xdd3
  102 000002F8 CB 0D C2 
              0D B9 0D 
              B0 0D            DCW              0xdcb,0xdc2,0xdb9,0xdb0
  103 00000300 A7 0D 9F 



ARM Macro Assembler    Page 6 


              0D 96 0D 
              8D 0D            DCW              0xda7,0xd9f,0xd96,0xd8d
  104 00000308 84 0D 7A 
              0D 71 0D 
              68 0D            DCW              0xd84,0xd7a,0xd71,0xd68
  105 00000310 5F 0D 55 
              0D 4C 0D 
              43 0D            DCW              0xd5f,0xd55,0xd4c,0xd43
  106 00000318 39 0D 2F 
              0D 26 0D 
              1C 0D            DCW              0xd39,0xd2f,0xd26,0xd1c
  107 00000320 13 0D 09 
              0D FF 0C 
              F5 0C            DCW              0xd13,0xd09,0xcff,0xcf5
  108 00000328 EB 0C E1 
              0C D7 0C 
              CD 0C            DCW              0xceb,0xce1,0xcd7,0xccd
  109 00000330 C3 0C B9 
              0C AF 0C 
              A5 0C            DCW              0xcc3,0xcb9,0xcaf,0xca5
  110 00000338 9B 0C 90 
              0C 86 0C 
              7C 0C            DCW              0xc9b,0xc90,0xc86,0xc7c
  111 00000340 71 0C 67 
              0C 5C 0C 
              52 0C            DCW              0xc71,0xc67,0xc5c,0xc52
  112 00000348 47 0C 3C 
              0C 32 0C 
              27 0C            DCW              0xc47,0xc3c,0xc32,0xc27
  113 00000350 1C 0C 11 
              0C 07 0C 
              FC 0B            DCW              0xc1c,0xc11,0xc07,0xbfc
  114 00000358 F1 0B E6 
              0B DB 0B 
              D0 0B            DCW              0xbf1,0xbe6,0xbdb,0xbd0
  115 00000360 C5 0B BA 
              0B AF 0B 
              A3 0B            DCW              0xbc5,0xbba,0xbaf,0xba3
  116 00000368 98 0B 8D 
              0B 82 0B 
              76 0B            DCW              0xb98,0xb8d,0xb82,0xb76
  117 00000370 6B 0B 60 
              0B 54 0B 
              49 0B            DCW              0xb6b,0xb60,0xb54,0xb49
  118 00000378 3D 0B 32 
              0B 26 0B 
              1B 0B            DCW              0xb3d,0xb32,0xb26,0xb1b
  119 00000380 0F 0B 03 
              0B F8 0A 
              EC 0A            DCW              0xb0f,0xb03,0xaf8,0xaec
  120 00000388 E0 0A D5 
              0A C9 0A 
              BD 0A            DCW              0xae0,0xad5,0xac9,0xabd
  121 00000390 B1 0A A5 
              0A 9A 0A 
              8E 0A            DCW              0xab1,0xaa5,0xa9a,0xa8e
  122 00000398 82 0A 76 
              0A 6A 0A 
              5E 0A            DCW              0xa82,0xa76,0xa6a,0xa5e



ARM Macro Assembler    Page 7 


  123 000003A0 52 0A 46 
              0A 3A 0A 
              2E 0A            DCW              0xa52,0xa46,0xa3a,0xa2e
  124 000003A8 22 0A 15 
              0A 09 0A 
              FD 09            DCW              0xa22,0xa15,0xa09,0x9fd
  125 000003B0 F1 09 E5 
              09 D9 09 
              CC 09            DCW              0x9f1,0x9e5,0x9d9,0x9cc
  126 000003B8 C0 09 B4 
              09 A8 09 
              9B 09            DCW              0x9c0,0x9b4,0x9a8,0x99b
  127 000003C0 8F 09 83 
              09 76 09 
              6A 09            DCW              0x98f,0x983,0x976,0x96a
  128 000003C8 5E 09 51 
              09 45 09 
              38 09            DCW              0x95e,0x951,0x945,0x938
  129 000003D0 2C 09 1F 
              09 13 09 
              07 09            DCW              0x92c,0x91f,0x913,0x907
  130 000003D8 FA 08 EE 
              08 E1 08 
              D5 08            DCW              0x8fa,0x8ee,0x8e1,0x8d5
  131 000003E0 C8 08 BC 
              08 AF 08 
              A3 08            DCW              0x8c8,0x8bc,0x8af,0x8a3
  132 000003E8 96 08 8A 
              08 7D 08 
              70 08            DCW              0x896,0x88a,0x87d,0x870
  133 000003F0 64 08 57 
              08 4B 08 
              3E 08            DCW              0x864,0x857,0x84b,0x83e
  134 000003F8 32 08 25 
              08 19 08 
              0C 08            DCW              0x832,0x825,0x819,0x80c
  135 00000400 FF 07 F3 
              07 E6 07 
              DA 07            DCW              0x7ff,0x7f3,0x7e6,0x7da
  136 00000408 CD 07 C1 
              07 B4 07 
              A7 07            DCW              0x7cd,0x7c1,0x7b4,0x7a7
  137 00000410 9B 07 8E 
              07 82 07 
              75 07            DCW              0x79b,0x78e,0x782,0x775
  138 00000418 69 07 5C 
              07 50 07 
              43 07            DCW              0x769,0x75c,0x750,0x743
  139 00000420 37 07 2A 
              07 1E 07 
              11 07            DCW              0x737,0x72a,0x71e,0x711
  140 00000428 05 07 F8 
              06 EC 06 
              DF 06            DCW              0x705,0x6f8,0x6ec,0x6df
  141 00000430 D3 06 C6 
              06 BA 06 
              AE 06            DCW              0x6d3,0x6c6,0x6ba,0x6ae
  142 00000438 A1 06 95 
              06 89 06 



ARM Macro Assembler    Page 8 


              7C 06            DCW              0x6a1,0x695,0x689,0x67c
  143 00000440 70 06 64 
              06 57 06 
              4B 06            DCW              0x670,0x664,0x657,0x64b
  144 00000448 3F 06 32 
              06 26 06 
              1A 06            DCW              0x63f,0x632,0x626,0x61a
  145 00000450 0E 06 02 
              06 F5 05 
              E9 05            DCW              0x60e,0x602,0x5f5,0x5e9
  146 00000458 DD 05 D1 
              05 C5 05 
              B9 05            DCW              0x5dd,0x5d1,0x5c5,0x5b9
  147 00000460 AD 05 A1 
              05 95 05 
              89 05            DCW              0x5ad,0x5a1,0x595,0x589
  148 00000468 7D 05 71 
              05 65 05 
              59 05            DCW              0x57d,0x571,0x565,0x559
  149 00000470 4D 05 42 
              05 36 05 
              2A 05            DCW              0x54d,0x542,0x536,0x52a
  150 00000478 1E 05 13 
              05 07 05 
              FB 04            DCW              0x51e,0x513,0x507,0x4fb
  151 00000480 F0 04 E4 
              04 D9 04 
              CD 04            DCW              0x4f0,0x4e4,0x4d9,0x4cd
  152 00000488 C2 04 B6 
              04 AB 04 
              9F 04            DCW              0x4c2,0x4b6,0x4ab,0x49f
  153 00000490 94 04 88 
              04 7D 04 
              72 04            DCW              0x494,0x488,0x47d,0x472
  154 00000498 67 04 5B 
              04 50 04 
              45 04            DCW              0x467,0x45b,0x450,0x445
  155 000004A0 3A 04 2F 
              04 24 04 
              19 04            DCW              0x43a,0x42f,0x424,0x419
  156 000004A8 0E 04 03 
              04 F8 03 
              ED 03            DCW              0x40e,0x403,0x3f8,0x3ed
  157 000004B0 E3 03 D8 
              03 CD 03 
              C2 03            DCW              0x3e3,0x3d8,0x3cd,0x3c2
  158 000004B8 B8 03 AD 
              03 A3 03 
              98 03            DCW              0x3b8,0x3ad,0x3a3,0x398
  159 000004C0 8E 03 83 
              03 79 03 
              6E 03            DCW              0x38e,0x383,0x379,0x36e
  160 000004C8 64 03 5A 
              03 50 03 
              46 03            DCW              0x364,0x35a,0x350,0x346
  161 000004D0 3B 03 31 
              03 27 03 
              1D 03            DCW              0x33b,0x331,0x327,0x31d
  162 000004D8 13 03 0A 



ARM Macro Assembler    Page 9 


              03 00 03 
              F6 02            DCW              0x313,0x30a,0x300,0x2f6
  163 000004E0 EC 02 E3 
              02 D9 02 
              CF 02            DCW              0x2ec,0x2e3,0x2d9,0x2cf
  164 000004E8 C6 02 BC 
              02 B3 02 
              A9 02            DCW              0x2c6,0x2bc,0x2b3,0x2a9
  165 000004F0 A0 02 97 
              02 8E 02 
              84 02            DCW              0x2a0,0x297,0x28e,0x284
  166 000004F8 7B 02 72 
              02 69 02 
              60 02            DCW              0x27b,0x272,0x269,0x260
  167 00000500 57 02 4E 
              02 46 02 
              3D 02            DCW              0x257,0x24e,0x246,0x23d
  168 00000508 34 02 2C 
              02 23 02 
              1A 02            DCW              0x234,0x22c,0x223,0x21a
  169 00000510 12 02 0A 
              02 01 02 
              F9 01            DCW              0x212,0x20a,0x201,0x1f9
  170 00000518 F1 01 E9 
              01 E0 01 
              D8 01            DCW              0x1f1,0x1e9,0x1e0,0x1d8
  171 00000520 D0 01 C8 
              01 C1 01 
              B9 01            DCW              0x1d0,0x1c8,0x1c1,0x1b9
  172 00000528 B1 01 A9 
              01 A2 01 
              9A 01            DCW              0x1b1,0x1a9,0x1a2,0x19a
  173 00000530 93 01 8B 
              01 84 01 
              7C 01            DCW              0x193,0x18b,0x184,0x17c
  174 00000538 75 01 6E 
              01 67 01 
              60 01            DCW              0x175,0x16e,0x167,0x160
  175 00000540 59 01 52 
              01 4B 01 
              44 01            DCW              0x159,0x152,0x14b,0x144
  176 00000548 3D 01 37 
              01 30 01 
              29 01            DCW              0x13d,0x137,0x130,0x129
  177 00000550 23 01 1C 
              01 16 01 
              10 01            DCW              0x123,0x11c,0x116,0x110
  178 00000558 0A 01 03 
              01 FD 00 
              F7 00            DCW              0x10a,0x103,0x0fd,0x0f7
  179 00000560 F1 00 EB 
              00 E6 00 
              E0 00            DCW              0x0f1,0x0eb,0x0e6,0x0e0
  180 00000568 DA 00 D5 
              00 CF 00 
              CA 00            DCW              0x0da,0x0d5,0x0cf,0x0ca
  181 00000570 C4 00 BF 
              00 BA 00 
              B4 00            DCW              0x0c4,0x0bf,0x0ba,0x0b4



ARM Macro Assembler    Page 10 


  182 00000578 AF 00 AA 
              00 A5 00 
              A0 00            DCW              0x0af,0x0aa,0x0a5,0x0a0
  183 00000580 9B 00 97 
              00 92 00 
              8D 00            DCW              0x09b,0x097,0x092,0x08d
  184 00000588 89 00 84 
              00 80 00 
              7B 00            DCW              0x089,0x084,0x080,0x07b
  185 00000590 77 00 73 
              00 6F 00 
              6B 00            DCW              0x077,0x073,0x06f,0x06b
  186 00000598 67 00 63 
              00 5F 00 
              5B 00            DCW              0x067,0x063,0x05f,0x05b
  187 000005A0 58 00 54 
              00 51 00 
              4D 00            DCW              0x058,0x054,0x051,0x04d
  188 000005A8 4A 00 46 
              00 43 00 
              40 00            DCW              0x04a,0x046,0x043,0x040
  189 000005B0 3D 00 3A 
              00 37 00 
              34 00            DCW              0x03d,0x03a,0x037,0x034
  190 000005B8 31 00 2F 
              00 2C 00 
              29 00            DCW              0x031,0x02f,0x02c,0x029
  191 000005C0 27 00 24 
              00 22 00 
              20 00            DCW              0x027,0x024,0x022,0x020
  192 000005C8 1E 00 1C 
              00 1A 00 
              18 00            DCW              0x01e,0x01c,0x01a,0x018
  193 000005D0 16 00 14 
              00 12 00 
              10 00            DCW              0x016,0x014,0x012,0x010
  194 000005D8 0F 00 0D 
              00 0C 00 
              0B 00            DCW              0x00f,0x00d,0x00c,0x00b
  195 000005E0 09 00 08 
              00 07 00 
              06 00            DCW              0x009,0x008,0x007,0x006
  196 000005E8 05 00 04 
              00 03 00 
              03 00            DCW              0x005,0x004,0x003,0x003
  197 000005F0 02 00 01 
              00 01 00 
              00 00            DCW              0x002,0x001,0x001,0x000
  198 000005F8 00 00 00 
              00 00 00 
              00 00            DCW              0x000,0x000,0x000,0x000
  199 00000600 00 00 00 
              00 00 00 
              00 00            DCW              0x000,0x000,0x000,0x000
  200 00000608 00 00 00 
              00 01 00 
              01 00            DCW              0x000,0x000,0x001,0x001
  201 00000610 02 00 03 
              00 03 00 



ARM Macro Assembler    Page 11 


              04 00            DCW              0x002,0x003,0x003,0x004
  202 00000618 05 00 06 
              00 07 00 
              08 00            DCW              0x005,0x006,0x007,0x008
  203 00000620 09 00 0B 
              00 0C 00 
              0D 00            DCW              0x009,0x00b,0x00c,0x00d
  204 00000628 0F 00 10 
              00 12 00 
              14 00            DCW              0x00f,0x010,0x012,0x014
  205 00000630 16 00 18 
              00 1A 00 
              1C 00            DCW              0x016,0x018,0x01a,0x01c
  206 00000638 1E 00 20 
              00 22 00 
              24 00            DCW              0x01e,0x020,0x022,0x024
  207 00000640 27 00 29 
              00 2C 00 
              2F 00            DCW              0x027,0x029,0x02c,0x02f
  208 00000648 31 00 34 
              00 37 00 
              3A 00            DCW              0x031,0x034,0x037,0x03a
  209 00000650 3D 00 40 
              00 43 00 
              46 00            DCW              0x03d,0x040,0x043,0x046
  210 00000658 4A 00 4D 
              00 51 00 
              54 00            DCW              0x04a,0x04d,0x051,0x054
  211 00000660 58 00 5B 
              00 5F 00 
              63 00            DCW              0x058,0x05b,0x05f,0x063
  212 00000668 67 00 6B 
              00 6F 00 
              73 00            DCW              0x067,0x06b,0x06f,0x073
  213 00000670 77 00 7B 
              00 80 00 
              84 00            DCW              0x077,0x07b,0x080,0x084
  214 00000678 89 00 8D 
              00 92 00 
              97 00            DCW              0x089,0x08d,0x092,0x097
  215 00000680 9B 00 A0 
              00 A5 00 
              AA 00            DCW              0x09b,0x0a0,0x0a5,0x0aa
  216 00000688 AF 00 B4 
              00 BA 00 
              BF 00            DCW              0x0af,0x0b4,0x0ba,0x0bf
  217 00000690 C4 00 CA 
              00 CF 00 
              D5 00            DCW              0x0c4,0x0ca,0x0cf,0x0d5
  218 00000698 DA 00 E0 
              00 E6 00 
              EB 00            DCW              0x0da,0x0e0,0x0e6,0x0eb
  219 000006A0 F1 00 F7 
              00 FD 00 
              03 01            DCW              0x0f1,0x0f7,0x0fd,0x103
  220 000006A8 0A 01 10 
              01 16 01 
              1C 01            DCW              0x10a,0x110,0x116,0x11c
  221 000006B0 23 01 29 



ARM Macro Assembler    Page 12 


              01 30 01 
              37 01            DCW              0x123,0x129,0x130,0x137
  222 000006B8 3D 01 44 
              01 4B 01 
              52 01            DCW              0x13d,0x144,0x14b,0x152
  223 000006C0 59 01 60 
              01 67 01 
              6E 01            DCW              0x159,0x160,0x167,0x16e
  224 000006C8 75 01 7C 
              01 84 01 
              8B 01            DCW              0x175,0x17c,0x184,0x18b
  225 000006D0 93 01 9A 
              01 A2 01 
              A9 01            DCW              0x193,0x19a,0x1a2,0x1a9
  226 000006D8 B1 01 B9 
              01 C1 01 
              C8 01            DCW              0x1b1,0x1b9,0x1c1,0x1c8
  227 000006E0 D0 01 D8 
              01 E0 01 
              E9 01            DCW              0x1d0,0x1d8,0x1e0,0x1e9
  228 000006E8 F1 01 F9 
              01 01 02 
              0A 02            DCW              0x1f1,0x1f9,0x201,0x20a
  229 000006F0 12 02 1A 
              02 23 02 
              2C 02            DCW              0x212,0x21a,0x223,0x22c
  230 000006F8 34 02 3D 
              02 46 02 
              4E 02            DCW              0x234,0x23d,0x246,0x24e
  231 00000700 57 02 60 
              02 69 02 
              72 02            DCW              0x257,0x260,0x269,0x272
  232 00000708 7B 02 84 
              02 8E 02 
              97 02            DCW              0x27b,0x284,0x28e,0x297
  233 00000710 A0 02 A9 
              02 B3 02 
              BC 02            DCW              0x2a0,0x2a9,0x2b3,0x2bc
  234 00000718 C6 02 CF 
              02 D9 02 
              E3 02            DCW              0x2c6,0x2cf,0x2d9,0x2e3
  235 00000720 EC 02 F6 
              02 00 03 
              0A 03            DCW              0x2ec,0x2f6,0x300,0x30a
  236 00000728 13 03 1D 
              03 27 03 
              31 03            DCW              0x313,0x31d,0x327,0x331
  237 00000730 3B 03 46 
              03 50 03 
              5A 03            DCW              0x33b,0x346,0x350,0x35a
  238 00000738 64 03 6E 
              03 79 03 
              83 03            DCW              0x364,0x36e,0x379,0x383
  239 00000740 8E 03 98 
              03 A3 03 
              AD 03            DCW              0x38e,0x398,0x3a3,0x3ad
  240 00000748 B8 03 C2 
              03 CD 03 
              D8 03            DCW              0x3b8,0x3c2,0x3cd,0x3d8



ARM Macro Assembler    Page 13 


  241 00000750 E3 03 ED 
              03 F8 03 
              03 04            DCW              0x3e3,0x3ed,0x3f8,0x403
  242 00000758 0E 04 19 
              04 24 04 
              2F 04            DCW              0x40e,0x419,0x424,0x42f
  243 00000760 3A 04 45 
              04 50 04 
              5B 04            DCW              0x43a,0x445,0x450,0x45b
  244 00000768 67 04 72 
              04 7D 04 
              88 04            DCW              0x467,0x472,0x47d,0x488
  245 00000770 94 04 9F 
              04 AB 04 
              B6 04            DCW              0x494,0x49f,0x4ab,0x4b6
  246 00000778 C2 04 CD 
              04 D9 04 
              E4 04            DCW              0x4c2,0x4cd,0x4d9,0x4e4
  247 00000780 F0 04 FB 
              04 07 05 
              13 05            DCW              0x4f0,0x4fb,0x507,0x513
  248 00000788 1E 05 2A 
              05 36 05 
              42 05            DCW              0x51e,0x52a,0x536,0x542
  249 00000790 4D 05 59 
              05 65 05 
              71 05            DCW              0x54d,0x559,0x565,0x571
  250 00000798 7D 05 89 
              05 95 05 
              A1 05            DCW              0x57d,0x589,0x595,0x5a1
  251 000007A0 AD 05 B9 
              05 C5 05 
              D1 05            DCW              0x5ad,0x5b9,0x5c5,0x5d1
  252 000007A8 DD 05 E9 
              05 F5 05 
              02 06            DCW              0x5dd,0x5e9,0x5f5,0x602
  253 000007B0 0E 06 1A 
              06 26 06 
              32 06            DCW              0x60e,0x61a,0x626,0x632
  254 000007B8 3F 06 4B 
              06 57 06 
              64 06            DCW              0x63f,0x64b,0x657,0x664
  255 000007C0 70 06 7C 
              06 89 06 
              95 06            DCW              0x670,0x67c,0x689,0x695
  256 000007C8 A1 06 AE 
              06 BA 06 
              C6 06            DCW              0x6a1,0x6ae,0x6ba,0x6c6
  257 000007D0 D3 06 DF 
              06 EC 06 
              F8 06            DCW              0x6d3,0x6df,0x6ec,0x6f8
  258 000007D8 05 07 11 
              07 1E 07 
              2A 07            DCW              0x705,0x711,0x71e,0x72a
  259 000007E0 37 07 43 
              07 50 07 
              5C 07            DCW              0x737,0x743,0x750,0x75c
  260 000007E8 69 07 75 
              07 82 07 



ARM Macro Assembler    Page 14 


              8E 07            DCW              0x769,0x775,0x782,0x78e
  261 000007F0 9B 07 A7 
              07 B4 07 
              C1 07            DCW              0x79b,0x7a7,0x7b4,0x7c1
  262 000007F8 CD 07 DA 
              07 E6 07 
              F3 07            DCW              0x7cd,0x7da,0x7e6,0x7f3
  263 00000800         
  264 00000800         sawtbl
  265 00000800 00 00 03 
              00 07 00 
              0B 00            DCW              0x000,0x003,0x007,0x00b
  266 00000808 0F 00 13 
              00 17 00 
              1B 00            DCW              0x00f,0x013,0x017,0x01b
  267 00000810 1F 00 23 
              00 27 00 
              2B 00            DCW              0x01f,0x023,0x027,0x02b
  268 00000818 2F 00 33 
              00 37 00 
              3B 00            DCW              0x02f,0x033,0x037,0x03b
  269 00000820 3F 00 43 
              00 47 00 
              4B 00            DCW              0x03f,0x043,0x047,0x04b
  270 00000828 4F 00 53 
              00 57 00 
              5B 00            DCW              0x04f,0x053,0x057,0x05b
  271 00000830 5F 00 63 
              00 67 00 
              6B 00            DCW              0x05f,0x063,0x067,0x06b
  272 00000838 6F 00 73 
              00 77 00 
              7B 00            DCW              0x06f,0x073,0x077,0x07b
  273 00000840 7F 00 83 
              00 87 00 
              8B 00            DCW              0x07f,0x083,0x087,0x08b
  274 00000848 8F 00 93 
              00 97 00 
              9B 00            DCW              0x08f,0x093,0x097,0x09b
  275 00000850 9F 00 A3 
              00 A7 00 
              AB 00            DCW              0x09f,0x0a3,0x0a7,0x0ab
  276 00000858 AF 00 B3 
              00 B7 00 
              BB 00            DCW              0x0af,0x0b3,0x0b7,0x0bb
  277 00000860 BF 00 C3 
              00 C7 00 
              CB 00            DCW              0x0bf,0x0c3,0x0c7,0x0cb
  278 00000868 CF 00 D3 
              00 D7 00 
              DB 00            DCW              0x0cf,0x0d3,0x0d7,0x0db
  279 00000870 DF 00 E3 
              00 E7 00 
              EB 00            DCW              0x0df,0x0e3,0x0e7,0x0eb
  280 00000878 EF 00 F3 
              00 F7 00 
              FB 00            DCW              0x0ef,0x0f3,0x0f7,0x0fb
  281 00000880 FF 00 03 
              01 07 01 



ARM Macro Assembler    Page 15 


              0B 01            DCW              0x0ff,0x103,0x107,0x10b
  282 00000888 0F 01 13 
              01 17 01 
              1B 01            DCW              0x10f,0x113,0x117,0x11b
  283 00000890 1F 01 23 
              01 27 01 
              2B 01            DCW              0x11f,0x123,0x127,0x12b
  284 00000898 2F 01 33 
              01 37 01 
              3B 01            DCW              0x12f,0x133,0x137,0x13b
  285 000008A0 3F 01 43 
              01 47 01 
              4B 01            DCW              0x13f,0x143,0x147,0x14b
  286 000008A8 4F 01 53 
              01 57 01 
              5B 01            DCW              0x14f,0x153,0x157,0x15b
  287 000008B0 5F 01 63 
              01 67 01 
              6B 01            DCW              0x15f,0x163,0x167,0x16b
  288 000008B8 6F 01 73 
              01 77 01 
              7B 01            DCW              0x16f,0x173,0x177,0x17b
  289 000008C0 7F 01 83 
              01 87 01 
              8B 01            DCW              0x17f,0x183,0x187,0x18b
  290 000008C8 8F 01 93 
              01 97 01 
              9B 01            DCW              0x18f,0x193,0x197,0x19b
  291 000008D0 9F 01 A3 
              01 A7 01 
              AB 01            DCW              0x19f,0x1a3,0x1a7,0x1ab
  292 000008D8 AF 01 B3 
              01 B7 01 
              BB 01            DCW              0x1af,0x1b3,0x1b7,0x1bb
  293 000008E0 BF 01 C3 
              01 C7 01 
              CB 01            DCW              0x1bf,0x1c3,0x1c7,0x1cb
  294 000008E8 CF 01 D3 
              01 D7 01 
              DB 01            DCW              0x1cf,0x1d3,0x1d7,0x1db
  295 000008F0 DF 01 E3 
              01 E7 01 
              EB 01            DCW              0x1df,0x1e3,0x1e7,0x1eb
  296 000008F8 EF 01 F3 
              01 F7 01 
              FB 01            DCW              0x1ef,0x1f3,0x1f7,0x1fb
  297 00000900 FF 01 03 
              02 07 02 
              0B 02            DCW              0x1ff,0x203,0x207,0x20b
  298 00000908 0F 02 13 
              02 17 02 
              1B 02            DCW              0x20f,0x213,0x217,0x21b
  299 00000910 1F 02 23 
              02 27 02 
              2B 02            DCW              0x21f,0x223,0x227,0x22b
  300 00000918 2F 02 33 
              02 37 02 
              3B 02            DCW              0x22f,0x233,0x237,0x23b
  301 00000920 3F 02 43 



ARM Macro Assembler    Page 16 


              02 47 02 
              4B 02            DCW              0x23f,0x243,0x247,0x24b
  302 00000928 4F 02 53 
              02 57 02 
              5B 02            DCW              0x24f,0x253,0x257,0x25b
  303 00000930 5F 02 63 
              02 67 02 
              6B 02            DCW              0x25f,0x263,0x267,0x26b
  304 00000938 6F 02 73 
              02 77 02 
              7B 02            DCW              0x26f,0x273,0x277,0x27b
  305 00000940 7F 02 83 
              02 87 02 
              8B 02            DCW              0x27f,0x283,0x287,0x28b
  306 00000948 8F 02 93 
              02 97 02 
              9B 02            DCW              0x28f,0x293,0x297,0x29b
  307 00000950 9F 02 A3 
              02 A7 02 
              AB 02            DCW              0x29f,0x2a3,0x2a7,0x2ab
  308 00000958 AF 02 B3 
              02 B7 02 
              BB 02            DCW              0x2af,0x2b3,0x2b7,0x2bb
  309 00000960 BF 02 C3 
              02 C7 02 
              CB 02            DCW              0x2bf,0x2c3,0x2c7,0x2cb
  310 00000968 CF 02 D3 
              02 D7 02 
              DB 02            DCW              0x2cf,0x2d3,0x2d7,0x2db
  311 00000970 DF 02 E3 
              02 E7 02 
              EB 02            DCW              0x2df,0x2e3,0x2e7,0x2eb
  312 00000978 EF 02 F3 
              02 F7 02 
              FB 02            DCW              0x2ef,0x2f3,0x2f7,0x2fb
  313 00000980 FF 02 03 
              03 07 03 
              0B 03            DCW              0x2ff,0x303,0x307,0x30b
  314 00000988 0F 03 13 
              03 17 03 
              1B 03            DCW              0x30f,0x313,0x317,0x31b
  315 00000990 1F 03 23 
              03 27 03 
              2B 03            DCW              0x31f,0x323,0x327,0x32b
  316 00000998 2F 03 33 
              03 37 03 
              3B 03            DCW              0x32f,0x333,0x337,0x33b
  317 000009A0 3F 03 43 
              03 47 03 
              4B 03            DCW              0x33f,0x343,0x347,0x34b
  318 000009A8 4F 03 53 
              03 57 03 
              5B 03            DCW              0x34f,0x353,0x357,0x35b
  319 000009B0 5F 03 63 
              03 67 03 
              6B 03            DCW              0x35f,0x363,0x367,0x36b
  320 000009B8 6F 03 73 
              03 77 03 
              7B 03            DCW              0x36f,0x373,0x377,0x37b



ARM Macro Assembler    Page 17 


  321 000009C0 7F 03 83 
              03 87 03 
              8B 03            DCW              0x37f,0x383,0x387,0x38b
  322 000009C8 8F 03 93 
              03 97 03 
              9B 03            DCW              0x38f,0x393,0x397,0x39b
  323 000009D0 9F 03 A3 
              03 A7 03 
              AB 03            DCW              0x39f,0x3a3,0x3a7,0x3ab
  324 000009D8 AF 03 B3 
              03 B7 03 
              BB 03            DCW              0x3af,0x3b3,0x3b7,0x3bb
  325 000009E0 BF 03 C3 
              03 C7 03 
              CB 03            DCW              0x3bf,0x3c3,0x3c7,0x3cb
  326 000009E8 CF 03 D3 
              03 D7 03 
              DB 03            DCW              0x3cf,0x3d3,0x3d7,0x3db
  327 000009F0 DF 03 E3 
              03 E7 03 
              EB 03            DCW              0x3df,0x3e3,0x3e7,0x3eb
  328 000009F8 EF 03 F3 
              03 F7 03 
              FB 03            DCW              0x3ef,0x3f3,0x3f7,0x3fb
  329 00000A00 FF 03 03 
              04 07 04 
              0B 04            DCW              0x3ff,0x403,0x407,0x40b
  330 00000A08 0F 04 13 
              04 17 04 
              1B 04            DCW              0x40f,0x413,0x417,0x41b
  331 00000A10 1F 04 23 
              04 27 04 
              2B 04            DCW              0x41f,0x423,0x427,0x42b
  332 00000A18 2F 04 33 
              04 37 04 
              3B 04            DCW              0x42f,0x433,0x437,0x43b
  333 00000A20 3F 04 43 
              04 47 04 
              4B 04            DCW              0x43f,0x443,0x447,0x44b
  334 00000A28 4F 04 53 
              04 57 04 
              5B 04            DCW              0x44f,0x453,0x457,0x45b
  335 00000A30 5F 04 63 
              04 67 04 
              6B 04            DCW              0x45f,0x463,0x467,0x46b
  336 00000A38 6F 04 73 
              04 77 04 
              7B 04            DCW              0x46f,0x473,0x477,0x47b
  337 00000A40 7F 04 83 
              04 87 04 
              8B 04            DCW              0x47f,0x483,0x487,0x48b
  338 00000A48 8F 04 93 
              04 97 04 
              9B 04            DCW              0x48f,0x493,0x497,0x49b
  339 00000A50 9F 04 A3 
              04 A7 04 
              AB 04            DCW              0x49f,0x4a3,0x4a7,0x4ab
  340 00000A58 AF 04 B3 
              04 B7 04 



ARM Macro Assembler    Page 18 


              BB 04            DCW              0x4af,0x4b3,0x4b7,0x4bb
  341 00000A60 BF 04 C3 
              04 C7 04 
              CB 04            DCW              0x4bf,0x4c3,0x4c7,0x4cb
  342 00000A68 CF 04 D3 
              04 D7 04 
              DB 04            DCW              0x4cf,0x4d3,0x4d7,0x4db
  343 00000A70 DF 04 E3 
              04 E7 04 
              EB 04            DCW              0x4df,0x4e3,0x4e7,0x4eb
  344 00000A78 EF 04 F3 
              04 F7 04 
              FB 04            DCW              0x4ef,0x4f3,0x4f7,0x4fb
  345 00000A80 FF 04 03 
              05 07 05 
              0B 05            DCW              0x4ff,0x503,0x507,0x50b
  346 00000A88 0F 05 13 
              05 17 05 
              1B 05            DCW              0x50f,0x513,0x517,0x51b
  347 00000A90 1F 05 23 
              05 27 05 
              2B 05            DCW              0x51f,0x523,0x527,0x52b
  348 00000A98 2F 05 33 
              05 37 05 
              3B 05            DCW              0x52f,0x533,0x537,0x53b
  349 00000AA0 3F 05 43 
              05 47 05 
              4B 05            DCW              0x53f,0x543,0x547,0x54b
  350 00000AA8 4F 05 53 
              05 57 05 
              5B 05            DCW              0x54f,0x553,0x557,0x55b
  351 00000AB0 5F 05 63 
              05 67 05 
              6B 05            DCW              0x55f,0x563,0x567,0x56b
  352 00000AB8 6F 05 73 
              05 77 05 
              7B 05            DCW              0x56f,0x573,0x577,0x57b
  353 00000AC0 7F 05 83 
              05 87 05 
              8B 05            DCW              0x57f,0x583,0x587,0x58b
  354 00000AC8 8F 05 93 
              05 97 05 
              9B 05            DCW              0x58f,0x593,0x597,0x59b
  355 00000AD0 9F 05 A3 
              05 A7 05 
              AB 05            DCW              0x59f,0x5a3,0x5a7,0x5ab
  356 00000AD8 AF 05 B3 
              05 B7 05 
              BB 05            DCW              0x5af,0x5b3,0x5b7,0x5bb
  357 00000AE0 BF 05 C3 
              05 C7 05 
              CB 05            DCW              0x5bf,0x5c3,0x5c7,0x5cb
  358 00000AE8 CF 05 D3 
              05 D7 05 
              DB 05            DCW              0x5cf,0x5d3,0x5d7,0x5db
  359 00000AF0 DF 05 E3 
              05 E7 05 
              EB 05            DCW              0x5df,0x5e3,0x5e7,0x5eb
  360 00000AF8 EF 05 F3 



ARM Macro Assembler    Page 19 


              05 F7 05 
              FB 05            DCW              0x5ef,0x5f3,0x5f7,0x5fb
  361 00000B00 FF 05 03 
              06 07 06 
              0B 06            DCW              0x5ff,0x603,0x607,0x60b
  362 00000B08 0F 06 13 
              06 17 06 
              1B 06            DCW              0x60f,0x613,0x617,0x61b
  363 00000B10 1F 06 23 
              06 27 06 
              2B 06            DCW              0x61f,0x623,0x627,0x62b
  364 00000B18 2F 06 33 
              06 37 06 
              3B 06            DCW              0x62f,0x633,0x637,0x63b
  365 00000B20 3F 06 43 
              06 47 06 
              4B 06            DCW              0x63f,0x643,0x647,0x64b
  366 00000B28 4F 06 53 
              06 57 06 
              5B 06            DCW              0x64f,0x653,0x657,0x65b
  367 00000B30 5F 06 63 
              06 67 06 
              6B 06            DCW              0x65f,0x663,0x667,0x66b
  368 00000B38 6F 06 73 
              06 77 06 
              7B 06            DCW              0x66f,0x673,0x677,0x67b
  369 00000B40 7F 06 83 
              06 87 06 
              8B 06            DCW              0x67f,0x683,0x687,0x68b
  370 00000B48 8F 06 93 
              06 97 06 
              9B 06            DCW              0x68f,0x693,0x697,0x69b
  371 00000B50 9F 06 A3 
              06 A7 06 
              AB 06            DCW              0x69f,0x6a3,0x6a7,0x6ab
  372 00000B58 AF 06 B3 
              06 B7 06 
              BB 06            DCW              0x6af,0x6b3,0x6b7,0x6bb
  373 00000B60 BF 06 C3 
              06 C7 06 
              CB 06            DCW              0x6bf,0x6c3,0x6c7,0x6cb
  374 00000B68 CF 06 D3 
              06 D7 06 
              DB 06            DCW              0x6cf,0x6d3,0x6d7,0x6db
  375 00000B70 DF 06 E3 
              06 E7 06 
              EB 06            DCW              0x6df,0x6e3,0x6e7,0x6eb
  376 00000B78 EF 06 F3 
              06 F7 06 
              FB 06            DCW              0x6ef,0x6f3,0x6f7,0x6fb
  377 00000B80 FF 06 03 
              07 07 07 
              0B 07            DCW              0x6ff,0x703,0x707,0x70b
  378 00000B88 0F 07 13 
              07 17 07 
              1B 07            DCW              0x70f,0x713,0x717,0x71b
  379 00000B90 1F 07 23 
              07 27 07 
              2B 07            DCW              0x71f,0x723,0x727,0x72b



ARM Macro Assembler    Page 20 


  380 00000B98 2F 07 33 
              07 37 07 
              3B 07            DCW              0x72f,0x733,0x737,0x73b
  381 00000BA0 3F 07 43 
              07 47 07 
              4B 07            DCW              0x73f,0x743,0x747,0x74b
  382 00000BA8 4F 07 53 
              07 57 07 
              5B 07            DCW              0x74f,0x753,0x757,0x75b
  383 00000BB0 5F 07 63 
              07 67 07 
              6B 07            DCW              0x75f,0x763,0x767,0x76b
  384 00000BB8 6F 07 73 
              07 77 07 
              7B 07            DCW              0x76f,0x773,0x777,0x77b
  385 00000BC0 7F 07 83 
              07 87 07 
              8B 07            DCW              0x77f,0x783,0x787,0x78b
  386 00000BC8 8F 07 93 
              07 97 07 
              9B 07            DCW              0x78f,0x793,0x797,0x79b
  387 00000BD0 9F 07 A3 
              07 A7 07 
              AB 07            DCW              0x79f,0x7a3,0x7a7,0x7ab
  388 00000BD8 AF 07 B3 
              07 B7 07 
              BB 07            DCW              0x7af,0x7b3,0x7b7,0x7bb
  389 00000BE0 BF 07 C3 
              07 C7 07 
              CB 07            DCW              0x7bf,0x7c3,0x7c7,0x7cb
  390 00000BE8 CF 07 D3 
              07 D7 07 
              DB 07            DCW              0x7cf,0x7d3,0x7d7,0x7db
  391 00000BF0 DF 07 E3 
              07 E7 07 
              EB 07            DCW              0x7df,0x7e3,0x7e7,0x7eb
  392 00000BF8 EF 07 F3 
              07 F7 07 
              FB 07            DCW              0x7ef,0x7f3,0x7f7,0x7fb
  393 00000C00 FF 07 03 
              08 07 08 
              0B 08            DCW              0x7ff,0x803,0x807,0x80b
  394 00000C08 0F 08 13 
              08 17 08 
              1B 08            DCW              0x80f,0x813,0x817,0x81b
  395 00000C10 1F 08 23 
              08 27 08 
              2B 08            DCW              0x81f,0x823,0x827,0x82b
  396 00000C18 2F 08 33 
              08 37 08 
              3B 08            DCW              0x82f,0x833,0x837,0x83b
  397 00000C20 3F 08 43 
              08 47 08 
              4B 08            DCW              0x83f,0x843,0x847,0x84b
  398 00000C28 4F 08 53 
              08 57 08 
              5B 08            DCW              0x84f,0x853,0x857,0x85b
  399 00000C30 5F 08 63 
              08 67 08 



ARM Macro Assembler    Page 21 


              6B 08            DCW              0x85f,0x863,0x867,0x86b
  400 00000C38 6F 08 73 
              08 77 08 
              7B 08            DCW              0x86f,0x873,0x877,0x87b
  401 00000C40 7F 08 83 
              08 87 08 
              8B 08            DCW              0x87f,0x883,0x887,0x88b
  402 00000C48 8F 08 93 
              08 97 08 
              9B 08            DCW              0x88f,0x893,0x897,0x89b
  403 00000C50 9F 08 A3 
              08 A7 08 
              AB 08            DCW              0x89f,0x8a3,0x8a7,0x8ab
  404 00000C58 AF 08 B3 
              08 B7 08 
              BB 08            DCW              0x8af,0x8b3,0x8b7,0x8bb
  405 00000C60 BF 08 C3 
              08 C7 08 
              CB 08            DCW              0x8bf,0x8c3,0x8c7,0x8cb
  406 00000C68 CF 08 D3 
              08 D7 08 
              DB 08            DCW              0x8cf,0x8d3,0x8d7,0x8db
  407 00000C70 DF 08 E3 
              08 E7 08 
              EB 08            DCW              0x8df,0x8e3,0x8e7,0x8eb
  408 00000C78 EF 08 F3 
              08 F7 08 
              FB 08            DCW              0x8ef,0x8f3,0x8f7,0x8fb
  409 00000C80 FF 08 03 
              09 07 09 
              0B 09            DCW              0x8ff,0x903,0x907,0x90b
  410 00000C88 0F 09 13 
              09 17 09 
              1B 09            DCW              0x90f,0x913,0x917,0x91b
  411 00000C90 1F 09 23 
              09 27 09 
              2B 09            DCW              0x91f,0x923,0x927,0x92b
  412 00000C98 2F 09 33 
              09 37 09 
              3B 09            DCW              0x92f,0x933,0x937,0x93b
  413 00000CA0 3F 09 43 
              09 47 09 
              4B 09            DCW              0x93f,0x943,0x947,0x94b
  414 00000CA8 4F 09 53 
              09 57 09 
              5B 09            DCW              0x94f,0x953,0x957,0x95b
  415 00000CB0 5F 09 63 
              09 67 09 
              6B 09            DCW              0x95f,0x963,0x967,0x96b
  416 00000CB8 6F 09 73 
              09 77 09 
              7B 09            DCW              0x96f,0x973,0x977,0x97b
  417 00000CC0 7F 09 83 
              09 87 09 
              8B 09            DCW              0x97f,0x983,0x987,0x98b
  418 00000CC8 8F 09 93 
              09 97 09 
              9B 09            DCW              0x98f,0x993,0x997,0x99b
  419 00000CD0 9F 09 A3 



ARM Macro Assembler    Page 22 


              09 A7 09 
              AB 09            DCW              0x99f,0x9a3,0x9a7,0x9ab
  420 00000CD8 AF 09 B3 
              09 B7 09 
              BB 09            DCW              0x9af,0x9b3,0x9b7,0x9bb
  421 00000CE0 BF 09 C3 
              09 C7 09 
              CB 09            DCW              0x9bf,0x9c3,0x9c7,0x9cb
  422 00000CE8 CF 09 D3 
              09 D7 09 
              DB 09            DCW              0x9cf,0x9d3,0x9d7,0x9db
  423 00000CF0 DF 09 E3 
              09 E7 09 
              EB 09            DCW              0x9df,0x9e3,0x9e7,0x9eb
  424 00000CF8 EF 09 F3 
              09 F7 09 
              FB 09            DCW              0x9ef,0x9f3,0x9f7,0x9fb
  425 00000D00 FF 09 03 
              0A 07 0A 
              0B 0A            DCW              0x9ff,0xa03,0xa07,0xa0b
  426 00000D08 0F 0A 13 
              0A 17 0A 
              1B 0A            DCW              0xa0f,0xa13,0xa17,0xa1b
  427 00000D10 1F 0A 23 
              0A 27 0A 
              2B 0A            DCW              0xa1f,0xa23,0xa27,0xa2b
  428 00000D18 2F 0A 33 
              0A 37 0A 
              3B 0A            DCW              0xa2f,0xa33,0xa37,0xa3b
  429 00000D20 3F 0A 43 
              0A 47 0A 
              4B 0A            DCW              0xa3f,0xa43,0xa47,0xa4b
  430 00000D28 4F 0A 53 
              0A 57 0A 
              5B 0A            DCW              0xa4f,0xa53,0xa57,0xa5b
  431 00000D30 5F 0A 63 
              0A 67 0A 
              6B 0A            DCW              0xa5f,0xa63,0xa67,0xa6b
  432 00000D38 6F 0A 73 
              0A 77 0A 
              7B 0A            DCW              0xa6f,0xa73,0xa77,0xa7b
  433 00000D40 7F 0A 83 
              0A 87 0A 
              8B 0A            DCW              0xa7f,0xa83,0xa87,0xa8b
  434 00000D48 8F 0A 93 
              0A 97 0A 
              9B 0A            DCW              0xa8f,0xa93,0xa97,0xa9b
  435 00000D50 9F 0A A3 
              0A A7 0A 
              AB 0A            DCW              0xa9f,0xaa3,0xaa7,0xaab
  436 00000D58 AF 0A B3 
              0A B7 0A 
              BB 0A            DCW              0xaaf,0xab3,0xab7,0xabb
  437 00000D60 BF 0A C3 
              0A C7 0A 
              CB 0A            DCW              0xabf,0xac3,0xac7,0xacb
  438 00000D68 CF 0A D3 
              0A D7 0A 
              DB 0A            DCW              0xacf,0xad3,0xad7,0xadb



ARM Macro Assembler    Page 23 


  439 00000D70 DF 0A E3 
              0A E7 0A 
              EB 0A            DCW              0xadf,0xae3,0xae7,0xaeb
  440 00000D78 EF 0A F3 
              0A F7 0A 
              FB 0A            DCW              0xaef,0xaf3,0xaf7,0xafb
  441 00000D80 FF 0A 03 
              0B 07 0B 
              0B 0B            DCW              0xaff,0xb03,0xb07,0xb0b
  442 00000D88 0F 0B 13 
              0B 17 0B 
              1B 0B            DCW              0xb0f,0xb13,0xb17,0xb1b
  443 00000D90 1F 0B 23 
              0B 27 0B 
              2B 0B            DCW              0xb1f,0xb23,0xb27,0xb2b
  444 00000D98 2F 0B 33 
              0B 37 0B 
              3B 0B            DCW              0xb2f,0xb33,0xb37,0xb3b
  445 00000DA0 3F 0B 43 
              0B 47 0B 
              4B 0B            DCW              0xb3f,0xb43,0xb47,0xb4b
  446 00000DA8 4F 0B 53 
              0B 57 0B 
              5B 0B            DCW              0xb4f,0xb53,0xb57,0xb5b
  447 00000DB0 5F 0B 63 
              0B 67 0B 
              6B 0B            DCW              0xb5f,0xb63,0xb67,0xb6b
  448 00000DB8 6F 0B 73 
              0B 77 0B 
              7B 0B            DCW              0xb6f,0xb73,0xb77,0xb7b
  449 00000DC0 7F 0B 83 
              0B 87 0B 
              8B 0B            DCW              0xb7f,0xb83,0xb87,0xb8b
  450 00000DC8 8F 0B 93 
              0B 97 0B 
              9B 0B            DCW              0xb8f,0xb93,0xb97,0xb9b
  451 00000DD0 9F 0B A3 
              0B A7 0B 
              AB 0B            DCW              0xb9f,0xba3,0xba7,0xbab
  452 00000DD8 AF 0B B3 
              0B B7 0B 
              BB 0B            DCW              0xbaf,0xbb3,0xbb7,0xbbb
  453 00000DE0 BF 0B C3 
              0B C7 0B 
              CB 0B            DCW              0xbbf,0xbc3,0xbc7,0xbcb
  454 00000DE8 CF 0B D3 
              0B D7 0B 
              DB 0B            DCW              0xbcf,0xbd3,0xbd7,0xbdb
  455 00000DF0 DF 0B E3 
              0B E7 0B 
              EB 0B            DCW              0xbdf,0xbe3,0xbe7,0xbeb
  456 00000DF8 EF 0B F3 
              0B F7 0B 
              FB 0B            DCW              0xbef,0xbf3,0xbf7,0xbfb
  457 00000E00 FF 0B 03 
              0C 07 0C 
              0B 0C            DCW              0xbff,0xc03,0xc07,0xc0b
  458 00000E08 0F 0C 13 
              0C 17 0C 



ARM Macro Assembler    Page 24 


              1B 0C            DCW              0xc0f,0xc13,0xc17,0xc1b
  459 00000E10 1F 0C 23 
              0C 27 0C 
              2B 0C            DCW              0xc1f,0xc23,0xc27,0xc2b
  460 00000E18 2F 0C 33 
              0C 37 0C 
              3B 0C            DCW              0xc2f,0xc33,0xc37,0xc3b
  461 00000E20 3F 0C 43 
              0C 47 0C 
              4B 0C            DCW              0xc3f,0xc43,0xc47,0xc4b
  462 00000E28 4F 0C 53 
              0C 57 0C 
              5B 0C            DCW              0xc4f,0xc53,0xc57,0xc5b
  463 00000E30 5F 0C 63 
              0C 67 0C 
              6B 0C            DCW              0xc5f,0xc63,0xc67,0xc6b
  464 00000E38 6F 0C 73 
              0C 77 0C 
              7B 0C            DCW              0xc6f,0xc73,0xc77,0xc7b
  465 00000E40 7F 0C 83 
              0C 87 0C 
              8B 0C            DCW              0xc7f,0xc83,0xc87,0xc8b
  466 00000E48 8F 0C 93 
              0C 97 0C 
              9B 0C            DCW              0xc8f,0xc93,0xc97,0xc9b
  467 00000E50 9F 0C A3 
              0C A7 0C 
              AB 0C            DCW              0xc9f,0xca3,0xca7,0xcab
  468 00000E58 AF 0C B3 
              0C B7 0C 
              BB 0C            DCW              0xcaf,0xcb3,0xcb7,0xcbb
  469 00000E60 BF 0C C3 
              0C C7 0C 
              CB 0C            DCW              0xcbf,0xcc3,0xcc7,0xccb
  470 00000E68 CF 0C D3 
              0C D7 0C 
              DB 0C            DCW              0xccf,0xcd3,0xcd7,0xcdb
  471 00000E70 DF 0C E3 
              0C E7 0C 
              EB 0C            DCW              0xcdf,0xce3,0xce7,0xceb
  472 00000E78 EF 0C F3 
              0C F7 0C 
              FB 0C            DCW              0xcef,0xcf3,0xcf7,0xcfb
  473 00000E80 FF 0C 03 
              0D 07 0D 
              0B 0D            DCW              0xcff,0xd03,0xd07,0xd0b
  474 00000E88 0F 0D 13 
              0D 17 0D 
              1B 0D            DCW              0xd0f,0xd13,0xd17,0xd1b
  475 00000E90 1F 0D 23 
              0D 27 0D 
              2B 0D            DCW              0xd1f,0xd23,0xd27,0xd2b
  476 00000E98 2F 0D 33 
              0D 37 0D 
              3B 0D            DCW              0xd2f,0xd33,0xd37,0xd3b
  477 00000EA0 3F 0D 43 
              0D 47 0D 
              4B 0D            DCW              0xd3f,0xd43,0xd47,0xd4b
  478 00000EA8 4F 0D 53 



ARM Macro Assembler    Page 25 


              0D 57 0D 
              5B 0D            DCW              0xd4f,0xd53,0xd57,0xd5b
  479 00000EB0 5F 0D 63 
              0D 67 0D 
              6B 0D            DCW              0xd5f,0xd63,0xd67,0xd6b
  480 00000EB8 6F 0D 73 
              0D 77 0D 
              7B 0D            DCW              0xd6f,0xd73,0xd77,0xd7b
  481 00000EC0 7F 0D 83 
              0D 87 0D 
              8B 0D            DCW              0xd7f,0xd83,0xd87,0xd8b
  482 00000EC8 8F 0D 93 
              0D 97 0D 
              9B 0D            DCW              0xd8f,0xd93,0xd97,0xd9b
  483 00000ED0 9F 0D A3 
              0D A7 0D 
              AB 0D            DCW              0xd9f,0xda3,0xda7,0xdab
  484 00000ED8 AF 0D B3 
              0D B7 0D 
              BB 0D            DCW              0xdaf,0xdb3,0xdb7,0xdbb
  485 00000EE0 BF 0D C3 
              0D C7 0D 
              CB 0D            DCW              0xdbf,0xdc3,0xdc7,0xdcb
  486 00000EE8 CF 0D D3 
              0D D7 0D 
              DB 0D            DCW              0xdcf,0xdd3,0xdd7,0xddb
  487 00000EF0 DF 0D E3 
              0D E7 0D 
              EB 0D            DCW              0xddf,0xde3,0xde7,0xdeb
  488 00000EF8 EF 0D F3 
              0D F7 0D 
              FB 0D            DCW              0xdef,0xdf3,0xdf7,0xdfb
  489 00000F00 FF 0D 03 
              0E 07 0E 
              0B 0E            DCW              0xdff,0xe03,0xe07,0xe0b
  490 00000F08 0F 0E 13 
              0E 17 0E 
              1B 0E            DCW              0xe0f,0xe13,0xe17,0xe1b
  491 00000F10 1F 0E 23 
              0E 27 0E 
              2B 0E            DCW              0xe1f,0xe23,0xe27,0xe2b
  492 00000F18 2F 0E 33 
              0E 37 0E 
              3B 0E            DCW              0xe2f,0xe33,0xe37,0xe3b
  493 00000F20 3F 0E 43 
              0E 47 0E 
              4B 0E            DCW              0xe3f,0xe43,0xe47,0xe4b
  494 00000F28 4F 0E 53 
              0E 57 0E 
              5B 0E            DCW              0xe4f,0xe53,0xe57,0xe5b
  495 00000F30 5F 0E 63 
              0E 67 0E 
              6B 0E            DCW              0xe5f,0xe63,0xe67,0xe6b
  496 00000F38 6F 0E 73 
              0E 77 0E 
              7B 0E            DCW              0xe6f,0xe73,0xe77,0xe7b
  497 00000F40 7F 0E 83 
              0E 87 0E 
              8B 0E            DCW              0xe7f,0xe83,0xe87,0xe8b



ARM Macro Assembler    Page 26 


  498 00000F48 8F 0E 93 
              0E 97 0E 
              9B 0E            DCW              0xe8f,0xe93,0xe97,0xe9b
  499 00000F50 9F 0E A3 
              0E A7 0E 
              AB 0E            DCW              0xe9f,0xea3,0xea7,0xeab
  500 00000F58 AF 0E B3 
              0E B7 0E 
              BB 0E            DCW              0xeaf,0xeb3,0xeb7,0xebb
  501 00000F60 BF 0E C3 
              0E C7 0E 
              CB 0E            DCW              0xebf,0xec3,0xec7,0xecb
  502 00000F68 CF 0E D3 
              0E D7 0E 
              DB 0E            DCW              0xecf,0xed3,0xed7,0xedb
  503 00000F70 DF 0E E3 
              0E E7 0E 
              EB 0E            DCW              0xedf,0xee3,0xee7,0xeeb
  504 00000F78 EF 0E F3 
              0E F7 0E 
              FB 0E            DCW              0xeef,0xef3,0xef7,0xefb
  505 00000F80 FF 0E 03 
              0F 07 0F 
              0B 0F            DCW              0xeff,0xf03,0xf07,0xf0b
  506 00000F88 0F 0F 13 
              0F 17 0F 
              1B 0F            DCW              0xf0f,0xf13,0xf17,0xf1b
  507 00000F90 1F 0F 23 
              0F 27 0F 
              2B 0F            DCW              0xf1f,0xf23,0xf27,0xf2b
  508 00000F98 2F 0F 33 
              0F 37 0F 
              3B 0F            DCW              0xf2f,0xf33,0xf37,0xf3b
  509 00000FA0 3F 0F 43 
              0F 47 0F 
              4B 0F            DCW              0xf3f,0xf43,0xf47,0xf4b
  510 00000FA8 4F 0F 53 
              0F 57 0F 
              5B 0F            DCW              0xf4f,0xf53,0xf57,0xf5b
  511 00000FB0 5F 0F 63 
              0F 67 0F 
              6B 0F            DCW              0xf5f,0xf63,0xf67,0xf6b
  512 00000FB8 6F 0F 73 
              0F 77 0F 
              7B 0F            DCW              0xf6f,0xf73,0xf77,0xf7b
  513 00000FC0 7F 0F 83 
              0F 87 0F 
              8B 0F            DCW              0xf7f,0xf83,0xf87,0xf8b
  514 00000FC8 8F 0F 93 
              0F 97 0F 
              9B 0F            DCW              0xf8f,0xf93,0xf97,0xf9b
  515 00000FD0 9F 0F A3 
              0F A7 0F 
              AB 0F            DCW              0xf9f,0xfa3,0xfa7,0xfab
  516 00000FD8 AF 0F B3 
              0F B7 0F 
              BB 0F            DCW              0xfaf,0xfb3,0xfb7,0xfbb
  517 00000FE0 BF 0F C3 
              0F C7 0F 



ARM Macro Assembler    Page 27 


              CB 0F            DCW              0xfbf,0xfc3,0xfc7,0xfcb
  518 00000FE8 CF 0F D3 
              0F D7 0F 
              DB 0F            DCW              0xfcf,0xfd3,0xfd7,0xfdb
  519 00000FF0 DF 0F E3 
              0F E7 0F 
              EB 0F            DCW              0xfdf,0xfe3,0xfe7,0xfeb
  520 00000FF8 EF 0F F3 
              0F F7 0F 
              FB 0F            DCW              0xfef,0xff3,0xff7,0xffb
  521 00001000         
  522 00001000                 END
Command Line: --debug --xref --diag_suppress=9931 --cpu=Cortex-M4.fp.sp --apcs=
interwork --depend=.\objects\wavdat.d -o.\objects\wavdat.o -I.\RTE\_Target_1 -I
C:\Apps\Keil_v5\Packs\ARM\CMSIS\5.8.0\CMSIS\Core\Include -IC:\Apps\Keil_v5\Pack
s\Keil\STM32L4xx_DFP\2.6.1\Drivers\CMSIS\Device\ST\STM32L4xx\Include --predefin
e="__UVISION_VERSION SETA 536" --predefine="_RTE_ SETA 1" --predefine="STM32L47
6xx SETA 1" --predefine="_RTE_ SETA 1" --list=.\listings\wavdat.lst wavdat.s



ARM Macro Assembler    Page 1 Alphabetic symbol ordering
Relocatable symbols

myData 00000000

Symbol: myData
   Definitions
      At line 1 in file wavdat.s
   Uses
      None
Comment: myData unused
sawtbl 00000800

Symbol: sawtbl
   Definitions
      At line 264 in file wavdat.s
   Uses
      At line 5 in file wavdat.s
Comment: sawtbl used once
sintbl 00000000

Symbol: sintbl
   Definitions
      At line 6 in file wavdat.s
   Uses
      At line 4 in file wavdat.s
Comment: sintbl used once
3 symbols
336 symbols in table
